[2026-06-04T22:40:39.520Z] [INFO] [activity] [logger] Moduł logger załadowany (poprawiony)
[2026-06-04T22:40:39.522Z] [INFO] [activity] [system] Logger zastąpiony przez moduł
[2026-06-04T22:40:39.524Z] [INFO] [activity] [modules] Moduł załadowany: commands.js
[2026-06-04T22:40:39.528Z] [INFO] [activity] [modules] Moduł health zarejestrowany poprawnie
[2026-06-04T22:40:39.528Z] [INFO] [activity] [health] Moduł health załadowany
[2026-06-04T22:40:39.529Z] [INFO] [activity] [modules] Moduł załadowany: health.js
[2026-06-04T22:40:39.533Z] [INFO] [activity] [modules] Moduł moderation zarejestrowany poprawnie
[2026-06-04T22:40:39.536Z] [INFO] [activity] [modules] Moduł załadowany: moderation.js
[2026-06-04T22:40:39.523Z] [INFO] [activity] [modules] Moduł commands zarejestrowany poprawnie
[2026-06-04T22:40:39.538Z] [INFO] [activity] [modules] Moduł status zarejestrowany poprawnie
[2026-06-04T22:40:39.523Z] [INFO] [activity] [commands] Moduł commands załadowany (placeholder)
[2026-06-04T22:40:39.538Z] [INFO] [activity] [status] Moduł status załadowany
[2026-06-04T22:40:39.538Z] [INFO] [activity] [modules] Moduł załadowany: status.js
[2026-06-04T22:40:40.604Z] [INFO] [activity] [discord] Bot uruchomiony na 1 serwerach
[2026-06-04T22:40:48.128Z] [DEBUG] [activity] [health] Health endpoint wywołany
[2026-06-04T22:40:48.170Z] [DEBUG] [activity] [health] Health endpoint wywołany
[2026-06-04T22:41:03.156Z] [DEBUG] [activity] [health] Health endpoint wywołany
[2026-06-04T22:41:19.033Z] [DEBUG] [activity] [health] Health endpoint wywołany
[2026-06-04T22:41:34.038Z] [DEBUG] [activity] [health] Health endpoint wywołany
[2026-06-04T22:41:49.103Z] [DEBUG] [activity] [health] Health endpoint wywołany
[2026-06-04T22:42:04.240Z] [DEBUG] [activity] [health] Health endpoint wywołany
[2026-06-04T22:42:19.245Z] [DEBUG] [activity] [health] Health endpoint wywołany
[2026-06-04T22:42:34.257Z] [DEBUG] [activity] [health] Health endpoint wywołany
[2026-06-04T22:42:49.259Z] [DEBUG] [activity] [health] Health endpoint wywołany
[2026-06-04T22:43:04.573Z] [DEBUG] [activity] [health] Health endpoint wywołany
[2026-06-04T22:43:19.460Z] [DEBUG] [activity] [health] Health endpoint wywołany
[2026-06-04T22:43:34.463Z] [DEBUG] [activity] [health] Health endpoint wywołany
[2026-06-04T22:43:49.463Z] [DEBUG] [activity] [health] Health endpoint wywołany
[2026-06-04T22:44:04.501Z] [DEBUG] [activity] [health] Health endpoint wywołany
[2026-06-04T22:44:19.480Z] [DEBUG] [activity] [health] Health endpoint wywołany
[2026-06-04T22:44:34.793Z] [DEBUG] [activity] [health] Health endpoint wywołany
[2026-06-04T22:44:49.800Z] [DEBUG] [activity] [health] Health endpoint wywołany
[2026-06-04T22:45:04.819Z] [DEBUG] [activity] [health] Health endpoint wywołany
[2026-06-04T22:45:19.830Z] [DEBUG] [activity] [health] Health endpoint wywołany
[2026-06-04T22:45:34.851Z] [DEBUG] [activity] [health] Health endpoint wywołany
[2026-06-04T22:45:49.841Z] [DEBUG] [activity] [health] Health endpoint wywołany
[2026-06-04T22:46:04.837Z] [DEBUG] [activity] [health] Health endpoint wywołany
[2026-06-04T22:46:20.312Z] [DEBUG] [activity] [health] Health endpoint wywołany
[2026-06-04T22:46:35.350Z] [DEBUG] [activity] [health] Health endpoint wywołany
[2026-06-04T22:46:50.564Z] [DEBUG] [activity] [health] Health endpoint wywołany
[2026-06-04T22:51:00.204Z] [DEBUG] [activity] [health] Health endpoint wywołany
[2026-06-04T22:51:12.889Z] [DEBUG] [activity] [health] Health endpoint wywołany
[2026-06-04T22:51:13.073Z] [DEBUG] [activity] [health] Health endpoint wywołany
[2026-06-04T22:51:27.493Z] [DEBUG] [activity] [health] Health endpoint wywołany
[2026-06-04T22:51:43.327Z] [DEBUG] [activity] [health] Health endpoint wywołany
[2026-06-04T22:51:58.761Z] [DEBUG] [activity] [health] Health endpoint wywołany
[2026-06-04T22:52:14.066Z] [DEBUG] [activity] [health] Health endpoint wywołany
[2026-06-04T22:52:29.506Z] [DEBUG] [activity] [health] Health endpoint wywołany
[2026-06-04T22:52:45.030Z] [DEBUG] [activity] [health] Health endpoint wywołany
[2026-06-04T22:53:00.419Z] [DEBUG] [activity] [health] Health endpoint wywołany
[2026-06-04T22:53:15.718Z] [DEBUG] [activity] [health] Health endpoint wywołany
[2026-06-04T22:53:31.206Z] [DEBUG] [activity] [health] Health endpoint wywołany
[2026-06-04T22:53:46.793Z] [DEBUG] [activity] [health] Health endpoint wywołany
[2026-06-04T22:54:02.373Z] [DEBUG] [activity] [health] Health endpoint wywołany
[2026-06-04T22:54:17.931Z] [DEBUG] [activity] [health] Health endpoint wywołany
[2026-06-04T22:54:33.599Z] [DEBUG] [activity] [health] Health endpoint wywołany
[2026-06-04T22:54:41.858Z] [INFO] [activity] [status] Ustawiono custom status: tyr
[2026-06-04T22:54:41.859Z] [INFO] [activity] [status] Status bota zmieniony na online
[2026-06-04T22:54:41.869Z] [DEBUG] [activity] [health] Health endpoint wywołany
[2026-06-04T22:54:49.121Z] [DEBUG] [activity] [health] Health endpoint wywołany
[2026-06-04T22:54:53.384Z] [INFO] [activity] [logger] Moduł logger załadowany (poprawiony)
[2026-06-04T22:54:53.386Z] [INFO] [activity] [system] Logger zastąpiony przez moduł
[2026-06-04T22:54:53.388Z] [INFO] [activity] [modules] Moduł commands zarejestrowany poprawnie
[2026-06-04T22:54:53.388Z] [INFO] [activity] [commands] Moduł commands załadowany (placeholder)
[2026-06-04T22:54:53.388Z] [INFO] [activity] [modules] Moduł załadowany: commands.js
[2026-06-04T22:54:53.390Z] [INFO] [activity] [modules] Moduł health zarejestrowany poprawnie
[2026-06-04T22:54:53.390Z] [INFO] [activity] [health] Moduł health załadowany
[2026-06-04T22:54:53.391Z] [INFO] [activity] [modules] Moduł załadowany: health.js
[2026-06-04T22:54:53.393Z] [INFO] [activity] [modules] Moduł moderation zarejestrowany poprawnie
[2026-06-04T22:54:53.395Z] [INFO] [activity] [modules] Moduł załadowany: moderation.js
[2026-06-04T22:54:53.397Z] [INFO] [activity] [modules] Moduł status zarejestrowany poprawnie
[2026-06-04T22:54:53.397Z] [INFO] [activity] [status] Moduł status załadowany
[2026-06-04T22:54:53.397Z] [INFO] [activity] [modules] Moduł załadowany: status.js
[2026-06-04T22:54:54.103Z] [INFO] [activity] [discord] Bot uruchomiony na 1 serwerach
[2026-06-04T22:55:05.051Z] [DEBUG] [activity] [health] Health endpoint wywołany
[2026-06-04T22:55:20.799Z] [DEBUG] [activity] [health] Health endpoint wywołany
[2026-06-04T22:55:36.282Z] [DEBUG] [activity] [health] Health endpoint wywołany
[2026-06-04T22:55:51.790Z] [DEBUG] [activity] [health] Health endpoint wywołany
[2026-06-04T22:56:07.323Z] [DEBUG] [activity] [health] Health endpoint wywołany
[2026-06-04T22:56:22.710Z] [DEBUG] [activity] [health] Health endpoint wywołany
[2026-06-04T22:56:38.222Z] [DEBUG] [activity] [health] Health endpoint wywołany
[2026-06-04T22:56:53.619Z] [DEBUG] [activity] [health] Health endpoint wywołany
[2026-06-04T22:57:09.177Z] [DEBUG] [activity] [health] Health endpoint wywołany
[2026-06-04T22:57:24.569Z] [DEBUG] [activity] [health] Health endpoint wywołany
[2026-06-04T22:57:39.958Z] [DEBUG] [activity] [health] Health endpoint wywołany
[2026-06-04T22:57:55.558Z] [DEBUG] [activity] [health] Health endpoint wywołany
[2026-06-04T22:58:11.013Z] [DEBUG] [activity] [health] Health endpoint wywołany
[2026-06-04T22:58:26.465Z] [DEBUG] [activity] [health] Health endpoint wywołany
[2026-06-04T22:58:31.101Z] [DEBUG] [activity] [health] Health endpoint wywołany
[2026-06-04T22:58:46.950Z] [DEBUG] [activity] [health] Health endpoint wywołany
[2026-06-04T22:59:02.173Z] [DEBUG] [activity] [health] Health endpoint wywołany
[2026-06-04T22:59:17.178Z] [DEBUG] [activity] [health] Health endpoint wywołany
[2026-06-04T22:59:32.376Z] [DEBUG] [activity] [health] Health endpoint wywołany
[2026-06-04T22:59:47.471Z] [DEBUG] [activity] [health] Health endpoint wywołany
[2026-06-04T23:00:02.400Z] [DEBUG] [activity] [health] Health endpoint wywołany
[2026-06-04T23:00:17.408Z] [DEBUG] [activity] [health] Health endpoint wywołany
[2026-06-04T23:00:32.440Z] [DEBUG] [activity] [health] Health endpoint wywołany
[2026-06-04T23:00:47.621Z] [DEBUG] [activity] [health] Health endpoint wywołany
[2026-06-04T23:01:02.624Z] [DEBUG] [activity] [health] Health endpoint wywołany
[2026-06-04T23:01:17.626Z] [DEBUG] [activity] [health] Health endpoint wywołany
[2026-06-04T23:01:32.640Z] [DEBUG] [activity] [health] Health endpoint wywołany
[2026-06-04T23:01:47.662Z] [DEBUG] [activity] [health] Health endpoint wywołany
[2026-06-04T23:02:02.664Z] [DEBUG] [activity] [health] Health endpoint wywołany
[2026-06-04T23:02:17.772Z] [DEBUG] [activity] [health] Health endpoint wywołany
[2026-06-04T23:02:32.887Z] [DEBUG] [activity] [health] Health endpoint wywołany
[2026-06-04T23:02:47.970Z] [DEBUG] [activity] [health] Health endpoint wywołany
[2026-06-04T23:03:03.178Z] [DEBUG] [activity] [health] Health endpoint wywołany
[2026-06-04T23:03:18.190Z] [DEBUG] [activity] [health] Health endpoint wywołany
[2026-06-04T23:03:33.507Z] [DEBUG] [activity] [health] Health endpoint wywołany
[2026-06-04T23:03:48.750Z] [DEBUG] [activity] [health] Health endpoint wywołany
[2026-06-04T23:04:03.966Z] [DEBUG] [activity] [health] Health endpoint wywołany
[2026-06-04T23:04:19.068Z] [DEBUG] [activity] [health] Health endpoint wywołany
[2026-06-04T23:04:34.000Z] [DEBUG] [activity] [health] Health endpoint wywołany
[2026-06-04T23:04:49.193Z] [DEBUG] [activity] [health] Health endpoint wywołany
[2026-06-04T23:05:04.184Z] [DEBUG] [activity] [health] Health endpoint wywołany
[2026-06-04T23:05:19.448Z] [DEBUG] [activity] [health] Health endpoint wywołany
[2026-06-04T23:05:34.570Z] [DEBUG] [activity] [health] Health endpoint wywołany
[2026-06-04T23:05:49.913Z] [DEBUG] [activity] [health] Health endpoint wywołany
[2026-06-04T23:06:05.185Z] [DEBUG] [activity] [health] Health endpoint wywołany
[2026-06-04T23:07:07.213Z] [INFO] [activity] [logger] Moduł logger załadowany (poprawiony)
[2026-06-04T23:07:07.215Z] [INFO] [activity] [system] Logger zastąpiony przez moduł
[2026-06-04T23:07:07.220Z] [INFO] [activity] [modules] Moduł commands zarejestrowany poprawnie
[2026-06-04T23:07:07.220Z] [INFO] [activity] [commands] Moduł commands załadowany (placeholder)
[2026-06-04T23:07:07.220Z] [INFO] [activity] [modules] Moduł załadowany: commands.js
[2026-06-04T23:07:07.223Z] [INFO] [activity] [modules] Moduł health zarejestrowany poprawnie
[2026-06-04T23:07:07.223Z] [INFO] [activity] [health] Moduł health załadowany
[2026-06-04T23:07:07.223Z] [INFO] [activity] [modules] Moduł załadowany: health.js
[2026-06-04T23:07:07.225Z] [INFO] [activity] [modules] Moduł moderation zarejestrowany poprawnie
[2026-06-04T23:07:07.227Z] [INFO] [activity] [modules] Moduł załadowany: moderation.js
[2026-06-04T23:07:07.228Z] [INFO] [activity] [modules] Moduł status zarejestrowany poprawnie
[2026-06-04T23:07:07.228Z] [INFO] [activity] [status] Moduł status załadowany
[2026-06-04T23:07:07.228Z] [INFO] [activity] [modules] Moduł załadowany: status.js
[2026-06-04T23:07:07.490Z] [DEBUG] [activity] [health] Health endpoint wywołany
[2026-06-04T23:07:08.184Z] [INFO] [activity] [discord] Bot uruchomiony na 1 serwerach
[2026-06-04T23:12:46.850Z] [INFO] [activity] [logger] Moduł logger załadowany (poprawiony)
[2026-06-04T23:12:46.852Z] [INFO] [activity] [system] Logger zastąpiony przez moduł
[2026-06-04T23:12:46.854Z] [INFO] [activity] [commands] Moduł commands załadowany (placeholder)
[2026-06-04T23:12:46.854Z] [INFO] [activity] [modules] Moduł załadowany: commands.js
[2026-06-04T23:12:46.855Z] [INFO] [activity] [modules] Moduł health zarejestrowany poprawnie
[2026-06-04T23:12:46.856Z] [INFO] [activity] [health] Moduł health załadowany
[2026-06-04T23:12:46.856Z] [INFO] [activity] [modules] Moduł załadowany: health.js
[2026-06-04T23:12:46.857Z] [INFO] [activity] [modules] Moduł moderation zarejestrowany poprawnie
[2026-06-04T23:12:46.859Z] [INFO] [activity] [modules] Moduł załadowany: moderation.js
[2026-06-04T23:12:46.860Z] [INFO] [activity] [modules] Moduł status zarejestrowany poprawnie
[2026-06-04T23:12:46.861Z] [INFO] [activity] [modules] Moduł załadowany: status.js
[2026-06-04T23:12:46.861Z] [INFO] [activity] [status] Moduł status załadowany
[2026-06-04T23:12:46.854Z] [INFO] [activity] [modules] Moduł commands zarejestrowany poprawnie
[2026-06-04T23:12:47.897Z] [INFO] [activity] [discord] Bot uruchomiony na 1 serwerach
[2026-06-04T23:15:15.793Z] [INFO] [activity] [logger] Moduł logger załadowany (poprawiony)
[2026-06-04T23:15:15.795Z] [INFO] [activity] [system] Logger zastąpiony przez moduł
[2026-06-04T23:15:15.797Z] [INFO] [activity] [modules] Moduł commands zarejestrowany poprawnie
[2026-06-04T23:15:15.797Z] [INFO] [activity] [commands] Moduł commands załadowany (placeholder)
[2026-06-04T23:15:15.797Z] [INFO] [activity] [modules] Moduł załadowany: commands.js
[2026-06-04T23:15:15.799Z] [INFO] [activity] [modules] Moduł health zarejestrowany poprawnie
[2026-06-04T23:15:15.800Z] [INFO] [activity] [health] Moduł health załadowany
[2026-06-04T23:15:15.800Z] [INFO] [activity] [modules] Moduł załadowany: health.js
[2026-06-04T23:15:15.803Z] [INFO] [activity] [modules] Moduł moderation zarejestrowany poprawnie
[2026-06-04T23:15:15.805Z] [INFO] [activity] [modules] Moduł załadowany: moderation.js
[2026-06-04T23:15:15.806Z] [INFO] [activity] [modules] Moduł status zarejestrowany poprawnie
[2026-06-04T23:15:15.807Z] [INFO] [activity] [status] Moduł status załadowany
[2026-06-04T23:15:15.807Z] [INFO] [activity] [modules] Moduł załadowany: status.js
[2026-06-04T23:15:16.603Z] [INFO] [activity] [discord] Bot uruchomiony na 1 serwerach
[2026-06-04T23:15:27.807Z] [DEBUG] [activity] [health] Health endpoint wywołany
[2026-06-04T23:15:28.114Z] [DEBUG] [activity] [health] Health endpoint wywołany
[2026-06-04T23:15:42.637Z] [DEBUG] [activity] [health] Health endpoint wywołany
[2026-06-04T23:15:57.773Z] [DEBUG] [activity] [health] Health endpoint wywołany
[2026-06-04T23:16:12.785Z] [DEBUG] [activity] [health] Health endpoint wywołany
[2026-06-04T23:16:28.093Z] [DEBUG] [activity] [health] Health endpoint wywołany
[2026-06-04T23:16:43.097Z] [DEBUG] [activity] [health] Health endpoint wywołany
[2026-06-04T23:16:58.115Z] [DEBUG] [activity] [health] Health endpoint wywołany
[2026-06-04T23:17:13.125Z] [DEBUG] [activity] [health] Health endpoint wywołany
[2026-06-04T23:17:28.273Z] [DEBUG] [activity] [health] Health endpoint wywołany
[2026-06-04T23:17:43.275Z] [DEBUG] [activity] [health] Health endpoint wywołany
[2026-06-04T23:17:58.300Z] [DEBUG] [activity] [health] Health endpoint wywołany
[2026-06-04T23:18:13.328Z] [DEBUG] [activity] [health] Health endpoint wywołany
[2026-06-04T23:18:28.370Z] [DEBUG] [activity] [health] Health endpoint wywołany
[2026-06-04T23:18:43.556Z] [DEBUG] [activity] [health] Health endpoint wywołany
[2026-06-04T23:18:58.563Z] [DEBUG] [activity] [health] Health endpoint wywołany
[2026-06-04T23:19:13.639Z] [DEBUG] [activity] [health] Health endpoint wywołany
[2026-06-04T23:19:18.080Z] [INFO] [activity] [status] Ustawiono custom status: jl
[2026-06-04T23:19:18.082Z] [INFO] [activity] [status] Status bota zmieniony na online
[2026-06-04T23:19:18.105Z] [DEBUG] [activity] [health] Health endpoint wywołany
[2026-06-04T23:19:27.604Z] [INFO] [activity] [logger] Moduł logger załadowany (poprawiony)
[2026-06-04T23:19:27.606Z] [INFO] [activity] [system] Logger zastąpiony przez moduł
[2026-06-04T23:19:27.607Z] [INFO] [activity] [modules] Moduł commands zarejestrowany poprawnie
[2026-06-04T23:19:27.608Z] [INFO] [activity] [modules] Moduł załadowany: commands.js
[2026-06-04T23:19:27.608Z] [INFO] [activity] [commands] Moduł commands załadowany (placeholder)
[2026-06-04T23:19:27.610Z] [INFO] [activity] [modules] Moduł health zarejestrowany poprawnie
[2026-06-04T23:19:27.611Z] [INFO] [activity] [modules] Moduł załadowany: health.js
[2026-06-04T23:19:27.613Z] [INFO] [activity] [modules] Moduł moderation zarejestrowany poprawnie
[2026-06-04T23:19:27.610Z] [INFO] [activity] [health] Moduł health załadowany
[2026-06-04T23:19:27.614Z] [INFO] [activity] [modules] Moduł załadowany: moderation.js
[2026-06-04T23:19:27.616Z] [INFO] [activity] [modules] Moduł status zarejestrowany poprawnie
[2026-06-04T23:19:27.616Z] [INFO] [activity] [status] Moduł status załadowany
[2026-06-04T23:19:27.616Z] [INFO] [activity] [modules] Moduł załadowany: status.js
[2026-06-04T23:19:28.365Z] [INFO] [activity] [discord] Bot uruchomiony na 1 serwerach
[2026-06-04T23:19:28.407Z] [INFO] [activity] [startup] Przywrócono status: online, custom: 
[2026-06-04T23:19:28.579Z] [DEBUG] [activity] [health] Health endpoint wywołany
[2026-06-04T23:19:42.207Z] [INFO] [activity] [logger] Moduł logger załadowany (poprawiony)
[2026-06-04T23:19:42.211Z] [INFO] [activity] [commands] Moduł commands załadowany (placeholder)
[2026-06-04T23:19:42.211Z] [INFO] [activity] [modules] Moduł załadowany: commands.js
[2026-06-04T23:19:42.209Z] [INFO] [activity] [system] Logger zastąpiony przez moduł
[2026-06-04T23:19:42.211Z] [INFO] [activity] [modules] Moduł commands zarejestrowany poprawnie
[2026-06-04T23:19:42.213Z] [INFO] [activity] [modules] Moduł health zarejestrowany poprawnie
[2026-06-04T23:19:42.213Z] [INFO] [activity] [health] Moduł health załadowany
[2026-06-04T23:19:42.215Z] [INFO] [activity] [modules] Moduł załadowany: health.js
[2026-06-04T23:19:42.218Z] [INFO] [activity] [modules] Moduł moderation zarejestrowany poprawnie
[2026-06-04T23:19:42.221Z] [INFO] [activity] [modules] Moduł załadowany: moderation.js
[2026-06-04T23:19:42.223Z] [INFO] [activity] [modules] Moduł status zarejestrowany poprawnie
[2026-06-04T23:19:42.224Z] [INFO] [activity] [status] Moduł status załadowany
[2026-06-04T23:19:42.225Z] [INFO] [activity] [modules] Moduł załadowany: status.js
[2026-06-04T23:19:43.142Z] [INFO] [activity] [discord] Bot uruchomiony na 1 serwerach
[2026-06-04T23:19:43.184Z] [INFO] [activity] [startup] Przywrócono status: online, custom: 
[2026-06-04T23:19:43.691Z] [DEBUG] [activity] [health] Health endpoint wywołany
[2026-06-04T23:19:58.708Z] [DEBUG] [activity] [health] Health endpoint wywołany
[2026-06-04T23:20:14.572Z] [DEBUG] [activity] [health] Health endpoint wywołany
[2026-06-04T23:20:15.135Z] [INFO] [activity] [logger] Moduł logger załadowany (poprawiony)
[2026-06-04T23:20:15.136Z] [INFO] [activity] [system] Logger zastąpiony przez moduł
[2026-06-04T23:20:15.138Z] [INFO] [activity] [modules] Moduł commands zarejestrowany poprawnie
[2026-06-04T23:20:15.139Z] [INFO] [activity] [modules] Moduł załadowany: commands.js
[2026-06-04T23:20:15.138Z] [INFO] [activity] [commands] Moduł commands załadowany (placeholder)
[2026-06-04T23:20:15.141Z] [INFO] [activity] [modules] Moduł health zarejestrowany poprawnie
[2026-06-04T23:20:15.141Z] [INFO] [activity] [health] Moduł health załadowany
[2026-06-04T23:20:15.141Z] [INFO] [activity] [modules] Moduł załadowany: health.js
[2026-06-04T23:20:15.145Z] [INFO] [activity] [modules] Moduł załadowany: moderation.js
[2026-06-04T23:20:15.144Z] [INFO] [activity] [modules] Moduł moderation zarejestrowany poprawnie
[2026-06-04T23:20:15.147Z] [INFO] [activity] [modules] Moduł status zarejestrowany poprawnie
[2026-06-04T23:20:15.147Z] [INFO] [activity] [status] Moduł status załadowany
[2026-06-04T23:20:15.147Z] [INFO] [activity] [modules] Moduł załadowany: status.js
[2026-06-04T23:20:16.549Z] [INFO] [activity] [discord] Bot uruchomiony na 1 serwerach
[2026-06-04T23:20:16.592Z] [INFO] [activity] [startup] Przywrócono status: online, custom: 
[2026-06-04T23:20:31.662Z] [DEBUG] [activity] [health] Health endpoint wywołany
[2026-06-04T23:20:31.829Z] [DEBUG] [activity] [health] Health endpoint wywołany
[2026-06-04T23:20:46.390Z] [DEBUG] [activity] [health] Health endpoint wywołany
[2026-06-04T23:20:54.471Z] [DEBUG] [activity] [health] Health endpoint wywołany
[2026-06-04T23:20:54.506Z] [DEBUG] [activity] [health] Health endpoint wywołany
[2026-06-04T23:21:09.599Z] [DEBUG] [activity] [health] Health endpoint wywołany
[2026-06-04T23:21:24.618Z] [DEBUG] [activity] [health] Health endpoint wywołany
[2026-06-04T23:21:37.919Z] [DEBUG] [activity] [health] Health endpoint wywołany
[2026-06-04T23:21:37.953Z] [DEBUG] [activity] [health] Health endpoint wywołany
[2026-06-04T23:21:52.643Z] [DEBUG] [activity] [health] Health endpoint wywołany
[2026-06-04T23:22:07.676Z] [DEBUG] [activity] [health] Health endpoint wywołany
[2026-06-04T23:22:22.657Z] [DEBUG] [activity] [health] Health endpoint wywołany
[2026-06-04T23:22:37.920Z] [DEBUG] [activity] [health] Health endpoint wywołany
[2026-06-04T23:22:53.041Z] [DEBUG] [activity] [health] Health endpoint wywołany
[2026-06-04T23:23:08.040Z] [DEBUG] [activity] [health] Health endpoint wywołany
[2026-06-04T23:23:23.049Z] [DEBUG] [activity] [health] Health endpoint wywołany
[2026-06-04T23:23:38.076Z] [DEBUG] [activity] [health] Health endpoint wywołany
[2026-06-04T23:23:53.070Z] [DEBUG] [activity] [health] Health endpoint wywołany
[2026-06-04T23:24:08.133Z] [DEBUG] [activity] [health] Health endpoint wywołany
[2026-06-04T23:24:23.095Z] [DEBUG] [activity] [health] Health endpoint wywołany
[2026-06-04T23:24:38.120Z] [DEBUG] [activity] [health] Health endpoint wywołany
[2026-06-04T23:24:53.120Z] [DEBUG] [activity] [health] Health endpoint wywołany
[2026-06-04T23:25:08.154Z] [DEBUG] [activity] [health] Health endpoint wywołany
[2026-06-04T23:25:23.277Z] [DEBUG] [activity] [health] Health endpoint wywołany
[2026-06-04T23:25:38.404Z] [DEBUG] [activity] [health] Health endpoint wywołany
[2026-06-04T23:25:53.565Z] [DEBUG] [activity] [health] Health endpoint wywołany
[2026-06-04T23:26:08.708Z] [DEBUG] [activity] [health] Health endpoint wywołany
[2026-06-04T23:26:24.042Z] [DEBUG] [activity] [health] Health endpoint wywołany
[2026-06-04T23:26:39.114Z] [DEBUG] [activity] [health] Health endpoint wywołany
[2026-06-04T23:26:54.384Z] [DEBUG] [activity] [health] Health endpoint wywołany
[2026-06-04T23:27:09.186Z] [DEBUG] [activity] [health] Health endpoint wywołany
[2026-06-04T23:27:24.291Z] [DEBUG] [activity] [health] Health endpoint wywołany
[2026-06-04T23:27:39.450Z] [DEBUG] [activity] [health] Health endpoint wywołany
[2026-06-04T23:27:54.961Z] [DEBUG] [activity] [health] Health endpoint wywołany
[2026-06-04T23:28:09.973Z] [DEBUG] [activity] [health] Health endpoint wywołany
[2026-06-04T23:28:11.341Z] [INFO] [activity] [logger] Moduł logger załadowany (poprawiony)
[2026-06-04T23:28:11.344Z] [INFO] [activity] [system] Logger zastąpiony przez moduł
[2026-06-04T23:28:11.346Z] [INFO] [activity] [modules] Moduł commands zarejestrowany poprawnie
[2026-06-04T23:28:11.346Z] [INFO] [activity] [commands] Moduł commands załadowany (placeholder)
[2026-06-04T23:28:11.347Z] [INFO] [activity] [modules] Moduł załadowany: commands.js
[2026-06-04T23:28:11.349Z] [INFO] [activity] [modules] Moduł health zarejestrowany poprawnie
[2026-06-04T23:28:11.349Z] [INFO] [activity] [health] Moduł health załadowany
[2026-06-04T23:28:11.350Z] [INFO] [activity] [modules] Moduł załadowany: health.js
[2026-06-04T23:28:11.353Z] [INFO] [activity] [modules] Moduł moderation zarejestrowany poprawnie
[2026-06-04T23:28:11.355Z] [INFO] [activity] [modules] Moduł załadowany: moderation.js
[2026-06-04T23:28:11.357Z] [INFO] [activity] [modules] Moduł status zarejestrowany poprawnie
[2026-06-04T23:28:11.357Z] [INFO] [activity] [modules] Moduł załadowany: status.js
[2026-06-04T23:28:11.357Z] [INFO] [activity] [status] Moduł status załadowany
[2026-06-04T23:28:12.117Z] [INFO] [activity] [discord] Bot uruchomiony na 1 serwerach
[2026-06-04T23:28:12.153Z] [INFO] [activity] [startup] Przywrócono status: online, custom: 
[2026-06-04T23:28:25.319Z] [DEBUG] [activity] [health] Health endpoint wywołany
[2026-06-04T23:28:36.079Z] [DEBUG] [activity] [health] Health endpoint wywołany
[2026-06-04T23:28:36.252Z] [DEBUG] [activity] [health] Health endpoint wywołany
[2026-06-04T23:28:50.479Z] [DEBUG] [activity] [health] Health endpoint wywołany
[2026-06-04T23:29:05.907Z] [DEBUG] [activity] [health] Health endpoint wywołany
[2026-06-04T23:29:20.759Z] [DEBUG] [activity] [health] Health endpoint wywołany
[2026-06-04T23:29:35.773Z] [DEBUG] [activity] [health] Health endpoint wywołany
[2026-06-04T23:29:51.040Z] [DEBUG] [activity] [health] Health endpoint wywołany
[2026-06-04T23:30:11.490Z] [DEBUG] [activity] [health] Health endpoint wywołany
[2026-06-04T23:30:26.468Z] [DEBUG] [activity] [health] Health endpoint wywołany
[2026-06-04T23:30:41.521Z] [DEBUG] [activity] [health] Health endpoint wywołany
[2026-06-04T23:30:56.482Z] [DEBUG] [activity] [health] Health endpoint wywołany
[2026-06-04T23:31:11.534Z] [DEBUG] [activity] [health] Health endpoint wywołany
[2026-06-04T23:31:26.506Z] [DEBUG] [activity] [health] Health endpoint wywołany
[2026-06-04T23:31:41.627Z] [DEBUG] [activity] [health] Health endpoint wywołany
[2026-06-04T23:31:53.637Z] [DEBUG] [activity] [health] Health endpoint wywołany
[2026-06-04T23:31:53.906Z] [DEBUG] [activity] [health] Health endpoint wywołany
[2026-06-04T23:32:07.812Z] [DEBUG] [activity] [health] Health endpoint wywołany
[2026-06-04T23:32:07.999Z] [DEBUG] [activity] [health] Health endpoint wywołany
[2026-06-04T23:32:22.983Z] [DEBUG] [activity] [health] Health endpoint wywołany
[2026-06-04T23:32:38.061Z] [DEBUG] [activity] [health] Health endpoint wywołany
[2026-06-04T23:32:53.314Z] [DEBUG] [activity] [health] Health endpoint wywołany
[2026-06-04T23:33:08.332Z] [DEBUG] [activity] [health] Health endpoint wywołany
[2026-06-04T23:33:23.360Z] [DEBUG] [activity] [health] Health endpoint wywołany
[2026-06-04T23:33:38.564Z] [DEBUG] [activity] [health] Health endpoint wywołany
[2026-06-04T23:33:53.578Z] [DEBUG] [activity] [health] Health endpoint wywołany
[2026-06-04T23:34:08.605Z] [DEBUG] [activity] [health] Health endpoint wywołany
[2026-06-04T23:34:23.661Z] [DEBUG] [activity] [health] Health endpoint wywołany
[2026-06-04T23:34:38.610Z] [DEBUG] [activity] [health] Health endpoint wywołany
[2026-06-04T23:34:53.625Z] [DEBUG] [activity] [health] Health endpoint wywołany
[2026-06-04T23:35:08.631Z] [DEBUG] [activity] [health] Health endpoint wywołany
[2026-06-04T23:35:23.645Z] [DEBUG] [activity] [health] Health endpoint wywołany
[2026-06-04T23:35:38.666Z] [DEBUG] [activity] [health] Health endpoint wywołany
[2026-06-04T23:35:53.663Z] [DEBUG] [activity] [health] Health endpoint wywołany
[2026-06-04T23:36:08.771Z] [DEBUG] [activity] [health] Health endpoint wywołany
[2026-06-04T23:36:23.807Z] [DEBUG] [activity] [health] Health endpoint wywołany
[2026-06-04T23:36:38.820Z] [DEBUG] [activity] [health] Health endpoint wywołany
[2026-06-04T23:36:53.844Z] [DEBUG] [activity] [health] Health endpoint wywołany
[2026-06-04T23:37:09.328Z] [DEBUG] [activity] [health] Health endpoint wywołany
[2026-06-04T23:37:24.680Z] [DEBUG] [activity] [health] Health endpoint wywołany
[2026-06-04T23:37:39.696Z] [DEBUG] [activity] [health] Health endpoint wywołany
[2026-06-04T23:38:02.318Z] [INFO] [activity] [logger] Moduł logger załadowany (poprawiony)
[2026-06-04T23:38:02.322Z] [INFO] [activity] [system] Logger zastąpiony przez moduł
[2026-06-04T23:38:02.324Z] [INFO] [activity] [modules] Moduł commands zarejestrowany poprawnie
[2026-06-04T23:38:02.325Z] [INFO] [activity] [commands] Moduł commands załadowany (placeholder)
[2026-06-04T23:38:02.325Z] [INFO] [activity] [modules] Moduł załadowany: commands.js
[2026-06-04T23:38:02.327Z] [INFO] [activity] [modules] Moduł health zarejestrowany poprawnie
[2026-06-04T23:38:02.327Z] [INFO] [activity] [health] Moduł health załadowany
[2026-06-04T23:38:02.328Z] [INFO] [activity] [modules] Moduł załadowany: health.js
[2026-06-04T23:38:02.330Z] [INFO] [activity] [modules] Moduł moderation zarejestrowany poprawnie
[2026-06-04T23:38:02.332Z] [INFO] [activity] [modules] Moduł załadowany: moderation.js
[2026-06-04T23:38:02.334Z] [INFO] [activity] [modules] Moduł status zarejestrowany poprawnie
[2026-06-04T23:38:02.334Z] [INFO] [activity] [status] Moduł status załadowany
[2026-06-04T23:38:02.334Z] [INFO] [activity] [modules] Moduł załadowany: status.js
[2026-06-04T23:38:03.178Z] [INFO] [activity] [discord] Bot uruchomiony na 1 serwerach
[2026-06-04T23:38:03.218Z] [INFO] [activity] [startup] Przywrócono status: online, custom: 
[2026-06-04T23:38:42.589Z] [DEBUG] [activity] [health] Health endpoint wywołany
[2026-06-04T23:38:42.789Z] [DEBUG] [activity] [health] Health endpoint wywołany
[2026-06-04T23:38:57.229Z] [DEBUG] [activity] [health] Health endpoint wywołany
[2026-06-04T23:39:12.273Z] [DEBUG] [activity] [health] Health endpoint wywołany
[2026-06-04T23:39:27.236Z] [DEBUG] [activity] [health] Health endpoint wywołany
[2026-06-04T23:39:42.239Z] [DEBUG] [activity] [health] Health endpoint wywołany
[2026-06-04T23:39:57.265Z] [DEBUG] [activity] [health] Health endpoint wywołany
[2026-06-04T23:40:12.265Z] [DEBUG] [activity] [health] Health endpoint wywołany
[2026-06-04T23:40:27.270Z] [DEBUG] [activity] [health] Health endpoint wywołany
[2026-06-04T23:40:42.513Z] [DEBUG] [activity] [health] Health endpoint wywołany
[2026-06-04T23:40:57.319Z] [DEBUG] [activity] [health] Health endpoint wywołany
[2026-06-04T23:41:12.306Z] [DEBUG] [activity] [health] Health endpoint wywołany
[2026-06-04T23:41:27.299Z] [DEBUG] [activity] [health] Health endpoint wywołany
[2026-06-04T23:41:42.349Z] [DEBUG] [activity] [health] Health endpoint wywołany
[2026-06-04T23:41:57.326Z] [DEBUG] [activity] [health] Health endpoint wywołany
[2026-06-04T23:42:12.328Z] [DEBUG] [activity] [health] Health endpoint wywołany
[2026-06-04T23:42:27.381Z] [DEBUG] [activity] [health] Health endpoint wywołany
[2026-06-04T23:42:42.625Z] [DEBUG] [activity] [health] Health endpoint wywołany
[2026-06-04T23:42:58.124Z] [DEBUG] [activity] [health] Health endpoint wywołany
[2026-06-04T23:43:13.483Z] [DEBUG] [activity] [health] Health endpoint wywołany
[2026-06-04T23:43:28.794Z] [DEBUG] [activity] [health] Health endpoint wywołany
[2026-06-04T23:43:43.774Z] [DEBUG] [activity] [health] Health endpoint wywołany
[2026-06-04T23:43:58.925Z] [DEBUG] [activity] [health] Health endpoint wywołany
[2026-06-04T23:44:13.969Z] [DEBUG] [activity] [health] Health endpoint wywołany
[2026-06-04T23:44:29.375Z] [DEBUG] [activity] [health] Health endpoint wywołany
[2026-06-04T23:44:44.916Z] [DEBUG] [activity] [health] Health endpoint wywołany
[2026-06-04T23:45:14.146Z] [INFO] [activity] [logger] Moduł logger załadowany (poprawiony)
[2026-06-04T23:45:14.152Z] [INFO] [activity] [commands] Moduł commands załadowany (placeholder)
[2026-06-04T23:45:14.156Z] [INFO] [activity] [health] Moduł health załadowany
[2026-06-04T23:45:15.135Z] [DEBUG] [activity] [health] Health endpoint wywołany
[2026-06-04T23:45:21.249Z] [DEBUG] [activity] [health] Health endpoint wywołany
[2026-06-04T23:45:21.344Z] [DEBUG] [activity] [health] Health endpoint wywołany
[2026-06-04T23:45:27.905Z] [INFO] [activity] [core] Ustawiono custom status: test
[2026-06-04T23:45:27.908Z] [INFO] [activity] [core] Status bota zmieniony na online
[2026-06-04T23:45:27.927Z] [DEBUG] [activity] [health] Health endpoint wywołany
[2026-06-04T23:45:36.222Z] [DEBUG] [activity] [health] Health endpoint wywołany
[2026-06-04T23:46:17.827Z] [INFO] [activity] [logger] Moduł logger załadowany (poprawiony)
[2026-06-04T23:46:17.829Z] [INFO] [activity] [commands] Moduł commands załadowany (placeholder)
[2026-06-04T23:46:17.836Z] [INFO] [activity] [health] Moduł health załadowany
[2026-06-04T23:46:17.970Z] [DEBUG] [activity] [health] Health endpoint wywołany
[2026-06-04T23:46:30.725Z] [DEBUG] [activity] [health] Health endpoint wywołany
[2026-06-04T23:46:30.757Z] [DEBUG] [activity] [health] Health endpoint wywołany
[2026-06-04T23:46:45.801Z] [DEBUG] [activity] [health] Health endpoint wywołany
[2026-06-04T23:47:00.935Z] [DEBUG] [activity] [health] Health endpoint wywołany
[2026-06-04T23:47:15.974Z] [DEBUG] [activity] [health] Health endpoint wywołany
[2026-06-04T23:47:31.598Z] [DEBUG] [activity] [health] Health endpoint wywołany
[2026-06-04T23:47:46.607Z] [DEBUG] [activity] [health] Health endpoint wywołany
[2026-06-04T23:48:01.619Z] [DEBUG] [activity] [health] Health endpoint wywołany
[2026-06-04T23:48:16.674Z] [DEBUG] [activity] [health] Health endpoint wywołany
[2026-06-04T23:48:31.931Z] [DEBUG] [activity] [health] Health endpoint wywołany
[2026-06-04T23:48:46.946Z] [DEBUG] [activity] [health] Health endpoint wywołany
[2026-06-04T23:49:01.933Z] [DEBUG] [activity] [health] Health endpoint wywołany
[2026-06-04T23:49:16.958Z] [DEBUG] [activity] [health] Health endpoint wywołany
[2026-06-04T23:49:31.945Z] [DEBUG] [activity] [health] Health endpoint wywołany
[2026-06-04T23:49:46.951Z] [DEBUG] [activity] [health] Health endpoint wywołany
[2026-06-04T23:50:01.961Z] [DEBUG] [activity] [health] Health endpoint wywołany
[2026-06-04T23:50:16.978Z] [DEBUG] [activity] [health] Health endpoint wywołany
[2026-06-04T23:50:33.021Z] [DEBUG] [activity] [health] Health endpoint wywołany
[2026-06-04T23:50:48.149Z] [DEBUG] [activity] [health] Health endpoint wywołany
[2026-06-04T23:51:03.056Z] [DEBUG] [activity] [health] Health endpoint wywołany
[2026-06-04T23:51:18.506Z] [DEBUG] [activity] [health] Health endpoint wywołany
[2026-06-04T23:51:33.586Z] [DEBUG] [activity] [health] Health endpoint wywołany
[2026-06-04T23:51:48.573Z] [DEBUG] [activity] [health] Health endpoint wywołany
[2026-06-04T23:52:03.577Z] [DEBUG] [activity] [health] Health endpoint wywołany
[2026-06-04T23:52:18.581Z] [DEBUG] [activity] [health] Health endpoint wywołany
[2026-06-04T23:52:33.583Z] [DEBUG] [activity] [health] Health endpoint wywołany
[2026-06-04T23:52:48.637Z] [DEBUG] [activity] [health] Health endpoint wywołany
[2026-06-04T23:53:01.727Z] [INFO] [activity] [logger] Moduł logger załadowany
[2026-06-04T23:53:01.730Z] [INFO] [activity] [commands] Moduł commands załadowany (placeholder)
[2026-06-04T23:53:01.733Z] [INFO] [activity] [health] Moduł health załadowany
[2026-06-04T23:53:03.721Z] [DEBUG] [activity] [health] Health endpoint wywołany
[2026-06-04T23:53:16.884Z] [INFO] [activity] [logger] Moduł logger załadowany
[2026-06-04T23:53:16.886Z] [INFO] [activity] [commands] Moduł commands załadowany (placeholder)
[2026-06-04T23:53:16.889Z] [INFO] [activity] [health] Moduł health załadowany
[2026-06-04T23:53:18.735Z] [DEBUG] [activity] [health] Health endpoint wywołany
[2026-06-04T23:53:26.848Z] [DEBUG] [activity] [health] Health endpoint wywołany
[2026-06-04T23:53:26.897Z] [DEBUG] [activity] [health] Health endpoint wywołany
[2026-06-04T23:53:42.439Z] [DEBUG] [activity] [health] Health endpoint wywołany
[2026-06-04T23:53:57.839Z] [DEBUG] [activity] [health] Health endpoint wywołany
[2026-06-04T23:54:12.864Z] [DEBUG] [activity] [health] Health endpoint wywołany
[2026-06-04T23:54:27.938Z] [DEBUG] [activity] [health] Health endpoint wywołany
[2026-06-04T23:54:43.311Z] [DEBUG] [activity] [health] Health endpoint wywołany
[2026-06-04T23:54:58.328Z] [DEBUG] [activity] [health] Health endpoint wywołany
[2026-06-04T23:55:13.326Z] [DEBUG] [activity] [health] Health endpoint wywołany
[2026-06-04T23:55:28.341Z] [DEBUG] [activity] [health] Health endpoint wywołany
[2026-06-04T23:55:43.350Z] [DEBUG] [activity] [health] Health endpoint wywołany
[2026-06-04T23:55:58.365Z] [DEBUG] [activity] [health] Health endpoint wywołany
[2026-06-04T23:56:13.702Z] [DEBUG] [activity] [health] Health endpoint wywołany
[2026-06-04T23:56:17.425Z] [DEBUG] [activity] [health] Health endpoint wywołany
[2026-06-04T23:56:17.469Z] [DEBUG] [activity] [health] Health endpoint wywołany
[2026-06-04T23:56:33.133Z] [DEBUG] [activity] [health] Health endpoint wywołany
[2026-06-04T23:56:48.088Z] [DEBUG] [activity] [health] Health endpoint wywołany
[2026-06-04T23:57:03.102Z] [DEBUG] [activity] [health] Health endpoint wywołany
[2026-06-04T23:57:18.276Z] [DEBUG] [activity] [health] Health endpoint wywołany
[2026-06-04T23:57:33.417Z] [DEBUG] [activity] [health] Health endpoint wywołany
[2026-06-04T23:57:48.428Z] [DEBUG] [activity] [health] Health endpoint wywołany
[2026-06-04T23:58:03.475Z] [DEBUG] [activity] [health] Health endpoint wywołany
[2026-06-04T23:58:18.901Z] [DEBUG] [activity] [health] Health endpoint wywołany
[2026-06-04T23:58:34.674Z] [DEBUG] [activity] [health] Health endpoint wywołany
[2026-06-04T23:58:49.641Z] [DEBUG] [activity] [health] Health endpoint wywołany
[2026-06-04T23:59:04.670Z] [DEBUG] [activity] [health] Health endpoint wywołany
[2026-06-04T23:59:15.192Z] [DEBUG] [activity] [health] Health endpoint wywołany
[2026-06-04T23:59:15.230Z] [DEBUG] [activity] [health] Health endpoint wywołany
[2026-06-04T23:59:29.991Z] [DEBUG] [activity] [health] Health endpoint wywołany
[2026-06-04T23:59:45.250Z] [DEBUG] [activity] [health] Health endpoint wywołany
[2026-06-05T00:00:00.187Z] [DEBUG] [activity] [health] Health endpoint wywołany
[2026-06-05T00:00:15.210Z] [DEBUG] [activity] [health] Health endpoint wywołany
[2026-06-05T00:00:30.427Z] [DEBUG] [activity] [health] Health endpoint wywołany
[2026-06-05T00:00:45.961Z] [DEBUG] [activity] [health] Health endpoint wywołany
[2026-06-05T00:01:01.313Z] [DEBUG] [activity] [health] Health endpoint wywołany
[2026-06-05T00:01:16.426Z] [DEBUG] [activity] [health] Health endpoint wywołany
[2026-06-05T00:01:31.432Z] [DEBUG] [activity] [health] Health endpoint wywołany
[2026-06-05T00:01:46.452Z] [DEBUG] [activity] [health] Health endpoint wywołany
[2026-06-05T00:02:02.030Z] [DEBUG] [activity] [health] Health endpoint wywołany
[2026-06-05T00:02:17.314Z] [DEBUG] [activity] [health] Health endpoint wywołany
[2026-06-05T00:02:33.019Z] [DEBUG] [activity] [health] Health endpoint wywołany
[2026-06-05T00:02:48.078Z] [DEBUG] [activity] [health] Health endpoint wywołany
[2026-06-05T00:03:03.315Z] [DEBUG] [activity] [health] Health endpoint wywołany
[2026-06-05T00:03:18.365Z] [DEBUG] [activity] [health] Health endpoint wywołany
[2026-06-05T00:03:34.155Z] [DEBUG] [activity] [health] Health endpoint wywołany
[2026-06-05T00:03:49.171Z] [DEBUG] [activity] [health] Health endpoint wywołany
[2026-06-05T00:04:04.186Z] [DEBUG] [activity] [health] Health endpoint wywołany
[2026-06-05T00:04:19.193Z] [DEBUG] [activity] [health] Health endpoint wywołany
[2026-06-05T00:04:34.995Z] [DEBUG] [activity] [health] Health endpoint wywołany
[2026-06-05T00:04:50.003Z] [DEBUG] [activity] [health] Health endpoint wywołany
[2026-06-05T00:05:05.224Z] [DEBUG] [activity] [health] Health endpoint wywołany
[2026-06-05T00:05:20.225Z] [DEBUG] [activity] [health] Health endpoint wywołany
[2026-06-05T00:05:36.079Z] [DEBUG] [activity] [health] Health endpoint wywołany
[2026-06-05T00:05:51.082Z] [DEBUG] [activity] [health] Health endpoint wywołany
[2026-06-05T00:06:06.457Z] [DEBUG] [activity] [health] Health endpoint wywołany
[2026-06-05T00:06:21.469Z] [DEBUG] [activity] [health] Health endpoint wywołany
[2026-06-05T00:06:36.900Z] [DEBUG] [activity] [health] Health endpoint wywołany
[2026-06-05T00:06:52.065Z] [DEBUG] [activity] [health] Health endpoint wywołany
[2026-06-05T00:07:07.289Z] [DEBUG] [activity] [health] Health endpoint wywołany
[2026-06-05T00:07:22.292Z] [DEBUG] [activity] [health] Health endpoint wywołany
[2026-06-05T00:07:37.758Z] [DEBUG] [activity] [health] Health endpoint wywołany
[2026-06-05T00:17:44.040Z] [INFO] [activity] [logger] Moduł logger załadowany
[2026-06-05T00:17:56.624Z] [DEBUG] [activity] [health] Health endpoint wywołany
[2026-06-05T00:17:56.661Z] [DEBUG] [activity] [health] Health endpoint wywołany
[2026-06-05T00:18:11.619Z] [DEBUG] [activity] [health] Health endpoint wywołany
[2026-06-05T00:18:26.752Z] [DEBUG] [activity] [health] Health endpoint wywołany
[2026-06-05T00:18:41.747Z] [DEBUG] [activity] [health] Health endpoint wywołany
[2026-06-05T00:18:56.768Z] [DEBUG] [activity] [health] Health endpoint wywołany
[2026-06-05T00:19:02.804Z] [INFO] [activity] [logger] Moduł logger załadowany
[2026-06-05T00:19:04.708Z] [DEBUG] [activity] [health] Health endpoint wywołany
[2026-06-05T00:19:04.737Z] [DEBUG] [activity] [health] Health endpoint wywołany
[2026-06-05T00:19:19.704Z] [DEBUG] [activity] [health] Health endpoint wywołany
[2026-06-05T00:19:34.823Z] [DEBUG] [activity] [health] Health endpoint wywołany
[2026-06-05T00:19:36.711Z] [INFO] [activity] [logger] Moduł logger załadowany
[2026-06-05T00:19:43.178Z] [DEBUG] [activity] [health] Health endpoint wywołany
[2026-06-05T00:19:43.204Z] [DEBUG] [activity] [health] Health endpoint wywołany
[2026-06-05T00:19:58.561Z] [DEBUG] [activity] [health] Health endpoint wywołany
[2026-06-05T00:20:14.163Z] [DEBUG] [activity] [health] Health endpoint wywołany
[2026-06-05T00:20:29.154Z] [DEBUG] [activity] [health] Health endpoint wywołany
[2026-06-05T00:20:44.467Z] [DEBUG] [activity] [health] Health endpoint wywołany
[2026-06-05T00:20:59.470Z] [DEBUG] [activity] [health] Health endpoint wywołany
[2026-06-05T00:21:14.614Z] [DEBUG] [activity] [health] Health endpoint wywołany
[2026-06-05T00:21:29.625Z] [DEBUG] [activity] [health] Health endpoint wywołany
[2026-06-05T00:21:44.769Z] [DEBUG] [activity] [health] Health endpoint wywołany
[2026-06-05T00:21:59.773Z] [DEBUG] [activity] [health] Health endpoint wywołany
[2026-06-05T00:22:15.156Z] [DEBUG] [activity] [health] Health endpoint wywołany
[2026-06-05T00:22:30.984Z] [DEBUG] [activity] [health] Health endpoint wywołany
[2026-06-05T00:22:46.439Z] [DEBUG] [activity] [health] Health endpoint wywołany
[2026-06-05T00:23:01.822Z] [DEBUG] [activity] [health] Health endpoint wywołany
[2026-06-05T00:26:34.421Z] [DEBUG] [activity] [health] Health endpoint wywołany
[2026-06-05T00:26:34.472Z] [DEBUG] [activity] [health] Health endpoint wywołany
[2026-06-05T00:26:49.174Z] [DEBUG] [activity] [health] Health endpoint wywołany
[2026-06-05T00:26:52.018Z] [DEBUG] [activity] [health] Health endpoint wywołany
[2026-06-05T00:26:52.038Z] [DEBUG] [activity] [health] Health endpoint wywołany
[2026-06-05T00:27:04.464Z] [DEBUG] [activity] [health] Health endpoint wywołany
[2026-06-05T00:27:04.495Z] [DEBUG] [activity] [health] Health endpoint wywołany
[2026-06-05T00:27:19.575Z] [DEBUG] [activity] [health] Health endpoint wywołany
[2026-06-05T00:27:34.843Z] [DEBUG] [activity] [health] Health endpoint wywołany
[2026-06-05T00:27:49.901Z] [DEBUG] [activity] [health] Health endpoint wywołany
[2026-06-05T00:28:04.880Z] [DEBUG] [activity] [health] Health endpoint wywołany
[2026-06-05T00:28:19.857Z] [DEBUG] [activity] [health] Health endpoint wywołany
[2026-06-05T00:28:34.867Z] [DEBUG] [activity] [health] Health endpoint wywołany
[2026-06-05T00:28:49.871Z] [DEBUG] [activity] [health] Health endpoint wywołany
[2026-06-05T00:29:04.876Z] [DEBUG] [activity] [health] Health endpoint wywołany
[2026-06-05T00:29:20.063Z] [DEBUG] [activity] [health] Health endpoint wywołany
[2026-06-05T00:29:35.075Z] [DEBUG] [activity] [health] Health endpoint wywołany
[2026-06-05T00:29:50.077Z] [DEBUG] [activity] [health] Health endpoint wywołany
[2026-06-05T00:30:05.080Z] [DEBUG] [activity] [health] Health endpoint wywołany
[2026-06-05T00:30:20.096Z] [DEBUG] [activity] [health] Health endpoint wywołany
[2026-06-05T00:30:31.193Z] [INFO] [activity] [logger] Moduł logger załadowany
[2026-06-05T00:30:35.833Z] [DEBUG] [activity] [health] Health endpoint wywołany
[2026-06-05T00:30:41.610Z] [DEBUG] [activity] [health] Health endpoint wywołany
[2026-06-05T00:30:41.649Z] [DEBUG] [activity] [health] Health endpoint wywołany
[2026-06-05T00:30:56.478Z] [DEBUG] [activity] [health] Health endpoint wywołany
[2026-06-05T00:31:12.413Z] [DEBUG] [activity] [health] Health endpoint wywołany
[2026-06-05T00:31:27.426Z] [DEBUG] [activity] [health] Health endpoint wywołany
[2026-06-05T00:31:42.580Z] [DEBUG] [activity] [health] Health endpoint wywołany
[2026-06-05T00:31:57.591Z] [DEBUG] [activity] [health] Health endpoint wywołany
[2026-06-05T00:32:12.902Z] [DEBUG] [activity] [health] Health endpoint wywołany
[2026-06-05T00:32:27.907Z] [DEBUG] [activity] [health] Health endpoint wywołany
[2026-06-05T00:32:43.161Z] [DEBUG] [activity] [health] Health endpoint wywołany
[2026-06-05T00:32:52.131Z] [DEBUG] [activity] [health] Health endpoint wywołany
[2026-06-05T00:32:52.159Z] [DEBUG] [activity] [health] Health endpoint wywołany
[2026-06-05T00:32:54.855Z] [DEBUG] [activity] [health] Health endpoint wywołany
[2026-06-05T00:32:54.878Z] [DEBUG] [activity] [health] Health endpoint wywołany
[2026-06-05T00:32:56.551Z] [DEBUG] [activity] [health] Health endpoint wywołany
[2026-06-05T00:32:56.574Z] [DEBUG] [activity] [health] Health endpoint wywołany
[2026-06-05T00:33:02.608Z] [DEBUG] [activity] [health] Health endpoint wywołany
[2026-06-05T00:33:02.638Z] [DEBUG] [activity] [health] Health endpoint wywołany
[2026-06-05T00:33:17.588Z] [DEBUG] [activity] [health] Health endpoint wywołany
[2026-06-05T00:33:32.595Z] [DEBUG] [activity] [health] Health endpoint wywołany
[2026-06-05T00:33:47.594Z] [DEBUG] [activity] [health] Health endpoint wywołany
[2026-06-05T00:34:02.889Z] [DEBUG] [activity] [health] Health endpoint wywołany
[2026-06-05T00:34:17.820Z] [DEBUG] [activity] [health] Health endpoint wywołany
[2026-06-05T00:38:26.973Z] [INFO] [activity] [logger] Moduł logger załadowany
[2026-06-05T00:42:32.121Z] [INFO] [activity] [logger] Moduł logger załadowany
[2026-06-05T00:44:04.795Z] [INFO] [activity] [logger] Moduł logger załadowany
[2026-06-05T00:44:23.703Z] [INFO] [activity] [logger] Moduł logger załadowany
[2026-06-05T00:46:00.943Z] [INFO] [activity] [logger] Moduł logger załadowany
[2026-06-05T00:46:29.131Z] [INFO] [activity] [commands] Moduł commands załadowany (placeholder)
[2026-06-05T00:46:29.134Z] [INFO] [activity] [logger] Moduł logger załadowany
[2026-06-05T00:55:14.154Z] [INFO] [activity] [commands] Moduł commands załadowany (placeholder)
[2026-06-05T00:55:14.158Z] [INFO] [activity] [logger] Moduł logger załadowany
[2026-06-05T00:55:34.808Z] [INFO] [activity] [commands] Moduł commands załadowany (placeholder)
[2026-06-05T00:55:34.810Z] [INFO] [activity] [logger] Moduł logger załadowany
[2026-06-05T01:04:53.903Z] [INFO] [activity] [commands] Moduł commands załadowany (placeholder)
[2026-06-05T01:04:53.906Z] [INFO] [activity] [logger] Moduł logger załadowany
[2026-06-05T01:04:56.005Z] [INFO] [activity] [logger] Moduł logger załadowany
[2026-06-05T01:04:57.602Z] [INFO] [activity] [commands] Moduł commands załadowany (placeholder)
[2026-06-05T01:04:57.604Z] [INFO] [activity] [logger] Moduł logger załadowany
[2026-06-05T01:04:59.513Z] [INFO] [activity] [logger] Moduł logger załadowany
[2026-06-05T01:06:05.092Z] [INFO] [activity] [commands] Moduł commands załadowany (placeholder)
[2026-06-05T01:06:05.095Z] [INFO] [activity] [logger] Moduł logger załadowany
[2026-06-05T01:06:07.375Z] [INFO] [activity] [logger] Moduł logger załadowany
[2026-06-05T01:08:46.251Z] [INFO] [activity] [logger] Moduł logger załadowany
[2026-06-05T01:09:37.502Z] [INFO] [activity] [commands] Moduł commands załadowany (placeholder)
[2026-06-05T01:09:37.505Z] [INFO] [activity] [logger] Moduł logger załadowany
[2026-06-05T01:09:39.316Z] [INFO] [activity] [logger] Moduł logger załadowany
[2026-06-05T01:09:52.644Z] [INFO] [activity] [commands] Moduł commands załadowany (placeholder)
[2026-06-05T01:09:52.648Z] [INFO] [activity] [logger] Moduł logger załadowany
[2026-06-05T01:09:54.634Z] [INFO] [activity] [logger] Moduł logger załadowany
[2026-06-05T01:11:16.064Z] [INFO] [activity] [commands] Moduł commands załadowany (placeholder)
[2026-06-05T01:11:16.066Z] [INFO] [activity] [logger] Moduł logger załadowany
[2026-06-05T01:11:18.303Z] [INFO] [activity] [logger] Moduł logger załadowany
[2026-06-05T01:23:32.059Z] [INFO] [activity] [logger] Moduł logger załadowany
[2026-06-05T01:23:59.091Z] [INFO] [activity] [logger] Moduł logger załadowany
[2026-06-05T01:26:05.503Z] [INFO] [activity] [logger] Moduł logger załadowany
[2026-06-05T01:26:11.341Z] [INFO] [activity] [logger] Moduł logger załadowany
[2026-06-05T01:26:30.508Z] [INFO] [activity] [logger] Moduł logger załadowany
[2026-06-05T01:33:29.599Z] [INFO] [activity] [logger] Moduł logger załadowany
[2026-06-05T01:35:42.522Z] [INFO] [activity] [logger] Moduł logger załadowany
[2026-06-05T01:36:23.762Z] [INFO] [activity] [logger] Moduł logger załadowany
[2026-06-05T01:37:22.737Z] [INFO] [activity] [logger] Moduł logger załadowany
[2026-06-05T01:39:17.619Z] [INFO] [activity] [logger] Moduł logger załadowany
[2026-06-05T01:41:07.133Z] [INFO] [activity] [logger] Moduł logger załadowany
[2026-06-05T01:45:35.561Z] [INFO] [activity] [logger] Moduł logger załadowany
[2026-06-05T06:01:32.200Z] [INFO] [activity] [logger] Moduł logger załadowany
[2026-06-05T15:05:34.134Z] [INFO] [activity] [logger] Moduł logger załadowany
[2026-06-05T15:11:19.065Z] [INFO] [activity] [logger] Moduł logger załadowany
[2026-06-05T15:15:08.918Z] [INFO] [activity] [logger] Moduł logger załadowany
[2026-06-05T15:16:09.633Z] [INFO] [activity] [logger] Moduł logger załadowany
[2026-06-05T16:03:33.934Z] [INFO] [activity] [logger] Moduł logger załadowany
[2026-06-05T16:19:26.436Z] [INFO] [activity] [logger] Moduł logger załadowany
[2026-06-05T16:32:04.311Z] [INFO] [activity] [logger] Moduł logger załadowany
[2026-06-05T16:32:52.424Z] [INFO] [activity] [logger] Moduł logger załadowany
[2026-06-05T16:36:20.925Z] [INFO] [activity] [logger] Moduł logger załadowany
[2026-06-05T16:39:12.585Z] [INFO] [activity] [logger] Moduł logger załadowany
[2026-06-05T16:40:13.966Z] [INFO] [activity] [logger] Moduł logger załadowany
[2026-06-05T17:06:19.064Z] [INFO] [activity] [logger] Moduł logger załadowany
[2026-06-05T17:15:06.037Z] [INFO] [activity] [logger] Moduł logger załadowany
[2026-06-05T17:30:01.200Z] [INFO] [activity] [logger] Moduł logger załadowany
[2026-06-05T17:34:51.624Z] [INFO] [activity] [logger] Moduł logger załadowany
